New Earthquake Detected!
Location: 55.4 km S of Hualien County Hall
Magnitude: 4.6
Time: 1718943956
New Earthquake Detected!
Location: 26.6 km NNE of Hualien County Hall
Magnitude: 4.1
Time: 1718914013
New Earthquake Detected!
Location: 22.2 km NE of Hualien County Hall
Magnitude: 4.9
Time: 1718682418
New Earthquake Detected!
Location: 11.3 km ESE of Hualien County Hall
Magnitude: 4.4
Time: 1718526458
New Earthquake Detected!
Location: 42.5 km NE of Hualien County Hall
Magnitude: 4.1
Time: 1718471752
New Earthquake Detected!
Location: 36.7 km SSW of Hualien County Hall
Magnitude: 4.2
Time: 1718196072
New Earthquake Detected!
Location: 36.2 km SSW of Hualien County Hall
Magnitude: 4.3
Time: 1718196055
New Earthquake Detected!
Location: 21.3 km S of Hualien County Hall
Magnitude: 4.9
Time: 1718142693
New Earthquake Detected!
Location: 36.8 km S of Yilan County Hall
Magnitude: 4.1
Time: 1717963543
New Earthquake Detected!
Location: 11.4 km ESE of Hualien County Hall
Magnitude: 4
Time: 1717674035
New Earthquake Detected!
Location: 36.4 km NNE of Hualien County Hall
Magnitude: 4.4
Time: 1717654693
New Earthquake Detected!
Location: 21.2 km SSW of Hualien County Hall
Magnitude: 4.4
Time: 1717291717
New Earthquake Detected!
Location: 21.2 km S of Hualien County Hall
Magnitude: 4.8
Time: 1717291644
New Earthquake Detected!
Location: 47.2 km SSE of Yilan County Hall
Magnitude: 4.9
Time: 1717201959
New Earthquake Detected!
Location: 9.8 km NNW of Hualien County Hall
Magnitude: 5.5
Time: 1717175459
New Earthquake Detected!
Location: 6.0 km SE of Hualien County Hall
Magnitude: 5
Time: 1717084337
New Earthquake Detected!
Location: 9.0 km SSE of Hualien County Hall
Magnitude: 4.2
Time: 1718956677
New Earthquake Detected!
Location: 18.2 km SSW of Hualien County Hall
Magnitude: 3.8
Time: 1718938465
New Earthquake Detected!
Location: 26.2 km NNE of Hualien County Hall
Magnitude: 3.6
Time: 1718923937
New Earthquake Detected!
Location: 17.7 km SSW of Hualien County Hall
Magnitude: 3.9
Time: 1718892723
New Earthquake Detected!
Location: 7.5 km N of Hualien County Hall
Magnitude: 3.5
Time: 1718889754
New Earthquake Detected!
Location: 37.7 km SSE of Yilan County Hall
Magnitude: 3.5
Time: 1718876242
New Earthquake Detected!
Location: 9.1 km NE of Hualien County Hall
Magnitude: 3.8
Time: 1718870740
New Earthquake Detected!
Location: 26.2 km SW of Hualien County Hall
Magnitude: 3.8
Time: 1718850557
New Earthquake Detected!
Location: 29.8 km SSW of Hualien County Hall
Magnitude: 3.8
Time: 1718828880
New Earthquake Detected!
Location: 29.8 km SE of Chiayi County Hall
Magnitude: 3.5
Time: 1718812426
New Earthquake Detected!
Location: 12.0 km ENE of Hualien County Hall
Magnitude: 3.9
Time: 1718782449
New Earthquake Detected!
Location: 4.9 km NNE of Hualien County Hall
Magnitude: 4
Time: 1718776120
New Earthquake Detected!
Location: 8.3 km E of Hualien County Hall
Magnitude: 3.4
Time: 1718695597
New Earthquake Detected!
Location: 38.5 km S of Yilan County Hall
Magnitude: 3.2
Time: 1718644003
New Earthquake Detected!
Location: 3.2 km SE of Hualien County Hall
Magnitude: 3.6
Time: 1718633830
New Earthquake Detected!
Location: 10.4 km S of Hualien County Hall
Magnitude: 3.5
Time: 1718603505
New Earthquake Detected!
Location: 55.4 km S of Hualien County Hall
Magnitude: 4.6
Time: 1718943956
New Earthquake Detected!
Location: 26.6 km NNE of Hualien County Hall
Magnitude: 4.1
Time: 1718914013
New Earthquake Detected!
Location: 22.2 km NE of Hualien County Hall
Magnitude: 4.9
Time: 1718682418
New Earthquake Detected!
Location: 11.3 km ESE of Hualien County Hall
Magnitude: 4.4
Time: 1718526458
New Earthquake Detected!
Location: 42.5 km NE of Hualien County Hall
Magnitude: 4.1
Time: 1718471752
New Earthquake Detected!
Location: 36.7 km SSW of Hualien County Hall
Magnitude: 4.2
Time: 1718196072
New Earthquake Detected!
Location: 36.2 km SSW of Hualien County Hall
Magnitude: 4.3
Time: 1718196055
New Earthquake Detected!
Location: 21.3 km S of Hualien County Hall
Magnitude: 4.9
Time: 1718142693
New Earthquake Detected!
Location: 36.8 km S of Yilan County Hall
Magnitude: 4.1
Time: 1717963543
New Earthquake Detected!
Location: 11.4 km ESE of Hualien County Hall
Magnitude: 4
Time: 1717674035
New Earthquake Detected!
Location: 36.4 km NNE of Hualien County Hall
Magnitude: 4.4
Time: 1717654693
New Earthquake Detected!
Location: 21.2 km SSW of Hualien County Hall
Magnitude: 4.4
Time: 1717291717
New Earthquake Detected!
Location: 21.2 km S of Hualien County Hall
Magnitude: 4.8
Time: 1717291644
New Earthquake Detected!
Location: 47.2 km SSE of Yilan County Hall
Magnitude: 4.9
Time: 1717201959
New Earthquake Detected!
Location: 9.8 km NNW of Hualien County Hall
Magnitude: 5.5
Time: 1717175459
New Earthquake Detected!
Location: 6.0 km SE of Hualien County Hall
Magnitude: 5
Time: 1717084337
New Earthquake Detected!
Location: 9.0 km SSE of Hualien County Hall
Magnitude: 4.2
Time: 1718956677
New Earthquake Detected!
Location: 18.2 km SSW of Hualien County Hall
Magnitude: 3.8
Time: 1718938465
New Earthquake Detected!
Location: 26.2 km NNE of Hualien County Hall
Magnitude: 3.6
Time: 1718923937
New Earthquake Detected!
Location: 17.7 km SSW of Hualien County Hall
Magnitude: 3.9
Time: 1718892723
New Earthquake Detected!
Location: 7.5 km N of Hualien County Hall
Magnitude: 3.5
Time: 1718889754
New Earthquake Detected!
Location: 37.7 km SSE of Yilan County Hall
Magnitude: 3.5
Time: 1718876242
New Earthquake Detected!
Location: 9.1 km NE of Hualien County Hall
Magnitude: 3.8
Time: 1718870740
New Earthquake Detected!
Location: 26.2 km SW of Hualien County Hall
Magnitude: 3.8
Time: 1718850557
New Earthquake Detected!
Location: 29.8 km SSW of Hualien County Hall
Magnitude: 3.8
Time: 1718828880
New Earthquake Detected!
Location: 29.8 km SE of Chiayi County Hall
Magnitude: 3.5
Time: 1718812426
New Earthquake Detected!
Location: 12.0 km ENE of Hualien County Hall
Magnitude: 3.9
Time: 1718782449
New Earthquake Detected!
Location: 4.9 km NNE of Hualien County Hall
Magnitude: 4
Time: 1718776120
New Earthquake Detected!
Location: 8.3 km E of Hualien County Hall
Magnitude: 3.4
Time: 1718695597
New Earthquake Detected!
Location: 38.5 km S of Yilan County Hall
Magnitude: 3.2
Time: 1718644003
New Earthquake Detected!
Location: 3.2 km SE of Hualien County Hall
Magnitude: 3.6
Time: 1718633830
New Earthquake Detected!
Location: 10.4 km S of Hualien County Hall
Magnitude: 3.5
Time: 1718603505
New Earthquake Detected!
Location: 55.4 km S of Hualien County Hall
Magnitude: 4.6
Time: 1718943956
New Earthquake Detected!
Location: 26.6 km NNE of Hualien County Hall
Magnitude: 4.1
Time: 1718914013
New Earthquake Detected!
Location: 22.2 km NE of Hualien County Hall
Magnitude: 4.9
Time: 1718682418
New Earthquake Detected!
Location: 11.3 km ESE of Hualien County Hall
Magnitude: 4.4
Time: 1718526458
New Earthquake Detected!
Location: 42.5 km NE of Hualien County Hall
Magnitude: 4.1
Time: 1718471752
New Earthquake Detected!
Location: 36.7 km SSW of Hualien County Hall
Magnitude: 4.2
Time: 1718196072
New Earthquake Detected!
Location: 36.2 km SSW of Hualien County Hall
Magnitude: 4.3
Time: 1718196055
New Earthquake Detected!
Location: 21.3 km S of Hualien County Hall
Magnitude: 4.9
Time: 1718142693
New Earthquake Detected!
Location: 36.8 km S of Yilan County Hall
Magnitude: 4.1
Time: 1717963543
New Earthquake Detected!
Location: 11.4 km ESE of Hualien County Hall
Magnitude: 4
Time: 1717674035
New Earthquake Detected!
Location: 36.4 km NNE of Hualien County Hall
Magnitude: 4.4
Time: 1717654693
New Earthquake Detected!
Location: 21.2 km SSW of Hualien County Hall
Magnitude: 4.4
Time: 1717291717
New Earthquake Detected!
Location: 21.2 km S of Hualien County Hall
Magnitude: 4.8
Time: 1717291644
New Earthquake Detected!
Location: 47.2 km SSE of Yilan County Hall
Magnitude: 4.9
Time: 1717201959
New Earthquake Detected!
Location: 9.8 km NNW of Hualien County Hall
Magnitude: 5.5
Time: 1717175459
New Earthquake Detected!
Location: 6.0 km SE of Hualien County Hall
Magnitude: 5
Time: 1717084337
New Earthquake Detected!
Location: 9.0 km SSE of Hualien County Hall
Magnitude: 4.2
Time: 1718956677
New Earthquake Detected!
Location: 18.2 km SSW of Hualien County Hall
Magnitude: 3.8
Time: 1718938465
New Earthquake Detected!
Location: 26.2 km NNE of Hualien County Hall
Magnitude: 3.6
Time: 1718923937
New Earthquake Detected!
Location: 17.7 km SSW of Hualien County Hall
Magnitude: 3.9
Time: 1718892723
New Earthquake Detected!
Location: 7.5 km N of Hualien County Hall
Magnitude: 3.5
Time: 1718889754
New Earthquake Detected!
Location: 37.7 km SSE of Yilan County Hall
Magnitude: 3.5
Time: 1718876242
New Earthquake Detected!
Location: 9.1 km NE of Hualien County Hall
Magnitude: 3.8
Time: 1718870740
New Earthquake Detected!
Location: 26.2 km SW of Hualien County Hall
Magnitude: 3.8
Time: 1718850557
New Earthquake Detected!
Location: 29.8 km SSW of Hualien County Hall
Magnitude: 3.8
Time: 1718828880
New Earthquake Detected!
Location: 29.8 km SE of Chiayi County Hall
Magnitude: 3.5
Time: 1718812426
New Earthquake Detected!
Location: 12.0 km ENE of Hualien County Hall
Magnitude: 3.9
Time: 1718782449
New Earthquake Detected!
Location: 4.9 km NNE of Hualien County Hall
Magnitude: 4
Time: 1718776120
New Earthquake Detected!
Location: 8.3 km E of Hualien County Hall
Magnitude: 3.4
Time: 1718695597
New Earthquake Detected!
Location: 38.5 km S of Yilan County Hall
Magnitude: 3.2
Time: 1718644003
New Earthquake Detected!
Location: 3.2 km SE of Hualien County Hall
Magnitude: 3.6
Time: 1718633830
New Earthquake Detected!
Location: 10.4 km S of Hualien County Hall
Magnitude: 3.5
Time: 1718603505
New Earthquake Detected!
Location: 55.4 km S of Hualien County Hall
Magnitude: 4.6
Time: 1718943956
New Earthquake Detected!
Location: 26.6 km NNE of Hualien County Hall
Magnitude: 4.1
Time: 1718914013
New Earthquake Detected!
Location: 22.2 km NE of Hualien County Hall
Magnitude: 4.9
Time: 1718682418
New Earthquake Detected!
Location: 11.3 km ESE of Hualien County Hall
Magnitude: 4.4
Time: 1718526458
New Earthquake Detected!
Location: 42.5 km NE of Hualien County Hall
Magnitude: 4.1
Time: 1718471752
New Earthquake Detected!
Location: 36.7 km SSW of Hualien County Hall
Magnitude: 4.2
Time: 1718196072
New Earthquake Detected!
Location: 36.2 km SSW of Hualien County Hall
Magnitude: 4.3
Time: 1718196055
New Earthquake Detected!
Location: 21.3 km S of Hualien County Hall
Magnitude: 4.9
Time: 1718142693
New Earthquake Detected!
Location: 36.8 km S of Yilan County Hall
Magnitude: 4.1
Time: 1717963543
New Earthquake Detected!
Location: 11.4 km ESE of Hualien County Hall
Magnitude: 4
Time: 1717674035
New Earthquake Detected!
Location: 36.4 km NNE of Hualien County Hall
Magnitude: 4.4
Time: 1717654693
New Earthquake Detected!
Location: 21.2 km SSW of Hualien County Hall
Magnitude: 4.4
Time: 1717291717
New Earthquake Detected!
Location: 21.2 km S of Hualien County Hall
Magnitude: 4.8
Time: 1717291644
New Earthquake Detected!
Location: 47.2 km SSE of Yilan County Hall
Magnitude: 4.9
Time: 1717201959
New Earthquake Detected!
Location: 9.8 km NNW of Hualien County Hall
Magnitude: 5.5
Time: 1717175459
New Earthquake Detected!
Location: 6.0 km SE of Hualien County Hall
Magnitude: 5
Time: 1717084337
New Earthquake Detected!
Location: 55.4 km S of Hualien County Hall
Magnitude: 4.6
Time: 1718943956
New Earthquake Detected!
Location: 9.0 km SSE of Hualien County Hall
Magnitude: 4.2
Time: 1718956677
New Earthquake Detected!
Location: 55.4 km S of Hualien County Hall
Magnitude: 4.6
Time: 1718943956
New Earthquake Detected!
Location: 9.0 km SSE of Hualien County Hall
Magnitude: 4.2
Time: 1718956677
New Earthquake Detected!
Location: 55.4 km S of Hualien County Hall
Magnitude: 4.6
Time: 1718943956
New Earthquake Detected!
Location: 9.0 km SSE of Hualien County Hall
Magnitude: 4.2
Time: 1718956677
New Earthquake Detected!
Location: 55.4 km S of Hualien County Hall
Magnitude: 4.6
Time: 1718943956
New Earthquake Detected!
Location: 55.4 km S of Hualien County Hall
Magnitude: 4.6
Time: 2024-06-21 12:25:56
New Earthquake Detected!
Location: 9.0 km SSE of Hualien County Hall
Magnitude: 4.2
Time: 2024-06-21 15:57:57
New Earthquake Detected!
Location: 55.4 km S of Hualien County Hall
Magnitude: 4.6
Time: 2024-06-21 12:25:56
New Earthquake Detected!
Location: 55.4 km S of Hualien County Hall
Magnitude: 4.6
Time: 2024-06-21 12:25:56
New Earthquake Detected!
Location: 9.0 km SSE of Hualien County Hall
Magnitude: 4.2
Time: 2024-06-21 15:57:57
New Earthquake Detected!
Location: 55.4 km S of Hualien County Hall
Magnitude: 4.6
Time: 2024-06-21 12:25:56
New Earthquake Detected!
Location: 9.0 km SSE of Hualien County Hall
Magnitude: 4.2
Time: 2024-06-21 15:57:57
New Earthquake Detected!
Location: 55.4 km S of Hualien County Hall
Magnitude: 4.6
Time: 2024-06-21 12:25:56
New Earthquake Detected!
Location: 9.0 km SSE of Hualien County Hall
Magnitude: 4.2
Time: 2024-06-21 15:57:57
New Earthquake Detected!
Location: 55.4 km S of Hualien County Hall
Magnitude: 4.6
Time: 2024-06-21 12:25:56
New Earthquake Detected!
Location: 9.0 km SSE of Hualien County Hall
Magnitude: 4.2
Time: 2024-06-21 15:57:57
New Earthquake Detected!
Location: 55.4 km S of Hualien County Hall
Magnitude: 4.6
Time: 2024-06-21 12:25:56
New Earthquake Detected!
Location: 9.0 km SSE of Hualien County Hall
Magnitude: 4.2
Time: 2024-06-21 15:57:57
New Earthquake Detected!
Location: 55.4 km S of Hualien County Hall
Magnitude: 4.6
Time: 2024-06-21 12:25:56
New Earthquake Detected!
Location: 9.0 km SSE of Hualien County Hall
Magnitude: 4.2
Time: 2024-06-21 15:57:57
New Earthquake Detected!
Location: 55.4 km S of Hualien County Hall
Magnitude: 4.6
Time: 2024-06-21 12:25:56
New Earthquake Detected!
Location: 9.0 km SSE of Hualien County Hall
Magnitude: 4.2
Time: 2024-06-21 15:57:57
New Earthquake Detected!
Location: 55.4 km S of Hualien County Hall
Magnitude: 4.6
Time: 2024-06-21 12:25:56
New Earthquake Detected!
Location: 55.4 km S of Hualien County Hall
Magnitude: 4.6
Time: 2024-06-21 12:25:56
New Earthquake Detected!
Location: 9.0 km SSE of Hualien County Hall
Magnitude: 4.2
Time: 2024-06-21 15:57:57
New Earthquake Detected!
Location: 55.4 km S of Hualien County Hall
Magnitude: 4.6
Time: 2024-06-21 12:25:56
New Earthquake Detected!
Location: 9.0 km SSE of Hualien County Hall
Magnitude: 4.2
Time: 2024-06-21 15:57:57
New Earthquake Detected!
Location: 55.4 km S of Hualien County Hall
Magnitude: 4.6
Time: 2024-06-21 12:25:56
New Earthquake Detected!
Location: 9.0 km SSE of Hualien County Hall
Magnitude: 4.2
Time: 2024-06-21 15:57:57
New Earthquake Detected!
Location: 55.4 km S of Hualien County Hall
Magnitude: 4.6
Time: 2024-06-21 12:25:56
New Earthquake Detected!
Location: 9.0 km SSE of Hualien County Hall
Magnitude: 4.2
Time: 2024-06-21 15:57:57
New Earthquake Detected!
Location: 55.4 km S of Hualien County Hall
Magnitude: 4.6
Time: 2024-06-21 12:25:56
New Earthquake Detected!
Location: 9.0 km SSE of Hualien County Hall
Magnitude: 4.2
Time: 2024-06-21 15:57:57
New Earthquake Detected!
Location: 55.4 km S of Hualien County Hall
Magnitude: 4.6
Time: 2024-06-21 12:25:56
New Earthquake Detected!
Location: 9.0 km SSE of Hualien County Hall
Magnitude: 4.2
Time: 2024-06-21 15:57:57
New Earthquake Detected!
Location: 55.4 km S of Hualien County Hall
Magnitude: 4.6
Time: 2024-06-21 12:25:56
New Earthquake Detected!
Location: 9.0 km SSE of Hualien County Hall
Magnitude: 4.2
Time: 2024-06-21 15:57:57
New Earthquake Detected!
Location: 55.4 km S of Hualien County Hall
Magnitude: 4.6
Time: 2024-06-21 12:25:56
New Earthquake Detected!
Location: 9.0 km SSE of Hualien County Hall
Magnitude: 4.2
Time: 2024-06-21 15:57:57
New Earthquake Detected!
Location: 55.4 km S of Hualien County Hall
Magnitude: 4.6
Time: 2024-06-21 12:25:56
New Earthquake Detected!
Location: 9.0 km SSE of Hualien County Hall
Magnitude: 4.2
Time: 2024-06-21 15:57:57
New Earthquake Detected!
Location: 55.4 km S of Hualien County Hall
Magnitude: 4.6
Time: 2024-06-21 12:25:56
New Earthquake Detected!
Location: 9.0 km SSE of Hualien County Hall
Magnitude: 4.2
Time: 2024-06-21 15:57:57
New Earthquake Detected!
Location: 55.4 km S of Hualien County Hall
Magnitude: 4.6
Time: 2024-06-21 12:25:56
New Earthquake Detected!
Location: 55.4 km S of Hualien County Hall
Magnitude: 4.6
Time: 2024-06-21 12:25:56
New Earthquake Detected!
Location: 9.0 km SSE of Hualien County Hall
Magnitude: 4.2
Time: 2024-06-21 15:57:57
New Earthquake Detected!
Location: 55.4 km S of Hualien County Hall
Magnitude: 4.6
Time: 2024-06-21 12:25:56
New Earthquake Detected!
Location: 9.0 km SSE of Hualien County Hall
Magnitude: 4.2
Time: 2024-06-21 15:57:57
New Earthquake Detected!
Location: 55.4 km S of Hualien County Hall
Magnitude: 4.6
Time: 2024-06-21 12:25:56
New Earthquake Detected!
Location: 9.0 km SSE of Hualien County Hall
Magnitude: 4.2
Time: 2024-06-21 15:57:57
New Earthquake Detected!
Location: 55.4 km S of Hualien County Hall
Magnitude: 4.6
Time: 2024-06-21 12:25:56
New Earthquake Detected!
Location: 9.0 km SSE of Hualien County Hall
Magnitude: 4.2
Time: 2024-06-21 15:57:57
New Earthquake Detected!
Location: 55.4 km S of Hualien County Hall
Magnitude: 4.6
Time: 2024-06-21 12:25:56
New Earthquake Detected!
Location: 9.0 km SSE of Hualien County Hall
Magnitude: 4.2
Time: 2024-06-21 15:57:57
New Earthquake Detected!
Location: 55.4 km S of Hualien County Hall
Magnitude: 4.6
Time: 2024-06-21 12:25:56
New Earthquake Detected!
Location: 9.0 km SSE of Hualien County Hall
Magnitude: 4.2
Time: 2024-06-21 15:57:57
New Earthquake Detected!
Location: 55.4 km S of Hualien County Hall
Magnitude: 4.6
Time: 2024-06-21 12:25:56
New Earthquake Detected!
Location: 9.0 km SSE of Hualien County Hall
Magnitude: 4.2
Time: 2024-06-21 15:57:57
New Earthquake Detected!
Location: 55.4 km S of Hualien County Hall
Magnitude: 4.6
Time: 2024-06-21 12:25:56
New Earthquake Detected!
Location: 9.0 km SSE of Hualien County Hall
Magnitude: 4.2
Time: 2024-06-21 15:57:57
New Earthquake Detected!
Location: 55.4 km S of Hualien County Hall
Magnitude: 4.6
Time: 2024-06-21 12:25:56
New Earthquake Detected!
Location: 9.0 km SSE of Hualien County Hall
Magnitude: 4.2
Time: 2024-06-21 15:57:57
New Earthquake Detected!
Location: 55.4 km S of Hualien County Hall
Magnitude: 4.6
Time: 2024-06-21 12:25:56
New Earthquake Detected!
Location: 9.0 km SSE of Hualien County Hall
Magnitude: 4.2
Time: 2024-06-21 15:57:57
New Earthquake Detected!
Location: 55.4 km S of Hualien County Hall
Magnitude: 4.6
Time: 2024-06-21 12:25:56
New Earthquake Detected!
Location: 9.0 km SSE of Hualien County Hall
Magnitude: 4.2
Time: 2024-06-21 15:57:57
